<?xml version="1.0" encoding="UTF-8"?>
<testsuites name="healthcare-tests - TS_RegressionTest" time="1306.282" tests="3" failures="0" errors="0">
   <testsuite name="healthcare-tests - TS_RegressionTest" tests="3" failures="0" errors="0" time="1306.282" skipped="0" timestamp="2022-06-09 13:56:39" hostname="lylannhi - 10.10.34.225" id="Test Suites/healthcare-tests - TS_RegressionTest">
      <properties>
         <property name="deviceName" value=""/>
         <property name="devicePlatform" value=""/>
         <property name="logFolder" value="/Users/lylannhi/Downloads/TestCloud/Project/SampleWebUI_HealthyCare/Reports/20220609_135612/healthcare-tests - TS_RegressionTest/20220609_135612"/>
         <property name="logFiles" value="/Users/lylannhi/Downloads/TestCloud/Project/SampleWebUI_HealthyCare/Reports/20220609_135612/healthcare-tests - TS_RegressionTest/20220609_135612/execution0.log"/>
         <property name="attachments" value="/Users/lylannhi/Downloads/TestCloud/Project/SampleWebUI_HealthyCare/Reports/20220609_135612/healthcare-tests - TS_RegressionTest/20220609_135612/1654758421130.png, keyes/keyes-login page.png, keyes/keyes-appointment page.png, keyes/keyes-booked appointment.png, /Users/lylannhi/Downloads/TestCloud/Project/SampleWebUI_HealthyCare/Reports/20220609_135612/healthcare-tests - TS_RegressionTest/20220609_135612/1654759098725.png"/>
         <property name="hostName" value="lylannhi - 10.10.34.225"/>
         <property name="remoteDriverUrl" value="testcloud.dev.katalon.com/hub"/>
         <property name="desiredCapabilities" value="{
  &quot;automationName&quot;: &quot;XCUITest&quot;,
  &quot;browserName&quot;: &quot;safari&quot;,
  &quot;browserVersion&quot;: &quot;latest&quot;,
  &quot;databaseEnabled&quot;: false,
  &quot;deviceContextId&quot;: &quot;581b0640-12df-429b-aa93-e31ee94c8e06&quot;,
  &quot;deviceName&quot;: &quot;00008020-000103803E06002E&quot;,
  &quot;javascriptEnabled&quot;: true,
  &quot;jobUuid&quot;: &quot;324f4036a5864dc38c47ea3c915b75ed&quot;,
  &quot;katalon:option&quot;: {
    &quot;organizationId&quot;: &quot;278985&quot;,
    &quot;unlimitedExecutionMinutes&quot;: true,
    &quot;jwt&quot;: &quot;eyJ0eXAiOiJKV1QiLCJhbGciOiJSUzI1NiJ9.eyJzdWIiOiJuaGkubHlAa2F0YWxvbi5jb20iLCJ1cG4iOiI0ODg1MjEiLCJncm91cHMiOlsiVVNFUiJdLCJzdGF0dXMiOiJWRVJJRklFRCIsImdpdmVuX25hbWUiOiIiLCJmYW1pbHlfbmFtZSI6IiIsImVtYWlsIjoibmhpLmx5QGthdGFsb24uY29tIiwiZW1haWxfdmVyaWZpZWQiOnRydWUsImNyZWF0ZWRfYXQiOjE2MzQwMTM4NDYsInVwZGF0ZWRfYXQiOjE2NTQ3NDczMDAsImFtciI6WyJwd2QiXSwiaWF0IjoxNjU0NzQ3MzAxLCJleHAiOjE2NTUzNTIxMDEsImp0aSI6ImM4ODkyYWI2LWI3M2YtNDEwYi1hY2NjLWNkZjc1ZWZhNGE4NiIsImlzcyI6ImthdGFsb24tYXV0aCJ9.k5uyVBFV9NZMmy-t1ZCrFyzOUoZr0wCepoPpKoTxSogdCHYUEKBqfpGEpU2fR5tPk2HZ2WWQfWr8_LF3_V3Ekcvpt0aljLCAUKsVI63sKdOGBycrQy6-8gBXu5CMzifOyKwYzDAxfMnEZUgNmOw2ziddqKPCqP4M7JgtGeKAWcryKob6BXwBUqVWxdpvTSGHUWcCmV0a0w9TDnekcnIOTzOSpDJnkGwb0mbYVd7akQtqMsGgJkPqXwntf5ViaHjjJ79nMf5LWX5dnu7ZebILEmr83zQ_6NCe15h184qi9BxUz-RJj7zuvpFYhO1IepTklqgPM4EcyC55lVkRxNCtMg&quot;,
    &quot;class&quot;: &quot;com.katalon.testcloud.grid.common.tunnel.domain.UserOptionCapability&quot;,
    &quot;userId&quot;: 488521,
    &quot;usingTunnel&quot;: false,
    &quot;username&quot;: &quot;nhi.ly@katalon.com&quot;
  },
  &quot;locationContextEnabled&quot;: false,
  &quot;networkConnectionEnabled&quot;: false,
  &quot;orientation&quot;: &quot;PORTRAIT&quot;,
  &quot;os&quot;: &quot;ios&quot;,
  &quot;platform&quot;: &quot;MAC&quot;,
  &quot;platformName&quot;: &quot;MAC&quot;,
  &quot;platformVersion&quot;: &quot;14.7.1&quot;,
  &quot;proxy&quot;: {
    &quot;proxyType&quot;: &quot;DIRECT&quot;,
    &quot;autodetect&quot;: false
  },
  &quot;requestId&quot;: &quot;2d6b44a4-95cb-4bef-8057-c317478faba9&quot;,
  &quot;sauce:options&quot;: {
    &quot;name&quot;: &quot;TestCloud Automated Test Session&quot;,
    &quot;realDevice&quot;: true,
    &quot;commandTimeouts&quot;: &quot;60000&quot;,
    &quot;sessionCreationTimeout&quot;: 900000
  },
  &quot;takesScreenshot&quot;: true,
  &quot;testobject_device&quot;: &quot;iPhone_XS_14_real_us&quot;,
  &quot;testobject_device_name&quot;: &quot;iPhone XS&quot;,
  &quot;testobject_device_session_id&quot;: &quot;5fbfcca0-8605-4899-9e78-1de0df548e8d&quot;,
  &quot;testobject_test_report_api_url&quot;: &quot;https://api.us-west-1.saucelabs.com/v1/rdc/jobs/324f4036a5864dc38c47ea3c915b75ed&quot;,
  &quot;testobject_test_report_url&quot;: &quot;https://app.saucelabs.com/tests/324f4036a5864dc38c47ea3c915b75ed&quot;,
  &quot;testobject_user_id&quot;: &quot;coty_katalon&quot;,
  &quot;udid&quot;: &quot;00008020-000103803E06002E&quot;,
  &quot;usedCachedDevice&quot;: false,
  &quot;webDriverAgentUrl&quot;: &quot;http://127.0.0.1:5726&quot;,
  &quot;webStorageEnabled&quot;: false
}"/>
         <property name="os" value="Mac OS X 64bit"/>
         <property name="remoteOS" value="iOS"/>
         <property name="katalonVersion" value="8.3.5.208"/>
         <property name="browser" value="Safari 14"/>
         <property name="hostAddress" value="10.10.34.225"/>
         <property name="sessionId" value="97985e90-7c18-4fd0-ba10-17f67e84c854"/>
         <property name="seleniumVersion" value="3.141.59"/>
         <property name="proxyInformation" value="ProxyInformation { proxyOption=NO_PROXY, proxyServerType=HTTP, username=, password=********, proxyServerAddress=127.0.0.1, proxyServerPort=8085, executionList=&quot;&quot;, isApplyToDesiredCapabilities=true }"/>
         <property name="platform" value="Mac OS X"/>
      </properties>
      <testcase name="Test Cases/Main Test Cases/TC1_Verify Successful Login" time="305.809" classname="Test Cases/Main Test Cases/TC1_Verify Successful Login" status="PASSED">
         <system-out><![CDATA[2022-06-09 13:56:39 - [TEST_CASE][PASSED] - Test Cases/Main Test Cases/TC1_Verify Successful Login: Test Cases/Main Test Cases/TC1_Verify Successful Login

2022-06-09 13:56:39 - [TEST_STEP][PASSED] - Start listener action : sampleBeforeTestCase: Browser is opened with url: 'http://demoaut.katalon.com'

2022-06-09 13:56:39 - [TEST_STEP][PASSED] - openBrowser(G_SiteURL): Browser is opened with url: 'http://demoaut.katalon.com'

2022-06-09 13:56:40 - [MESSAGE][INFO] - User set preference: ['os', 'ios']

2022-06-09 13:56:40 - [MESSAGE][INFO] - User set preference: ['browserName', 'safari']

2022-06-09 13:56:40 - [MESSAGE][INFO] - User set preference: ['browserVersion', 'latest']

2022-06-09 13:56:40 - [MESSAGE][INFO] - User set preference: ['katalon:option', '{organizationId=278985, tunnelId=, usingTunnel=false}']

2022-06-09 13:56:40 - [MESSAGE][INFO] - Connecting to remote web server 'testcloud.dev.katalon.com/hub' with type 'Selenium'

2022-06-09 13:56:41 - [MESSAGE][INFO] - Action delay is set to 0 milliseconds

2022-06-09 13:58:47 - [MESSAGE][PASSED] - Browser is opened with url: 'http://demoaut.katalon.com'

2022-06-09 13:58:48 - [TEST_STEP][PASSED] - comment("Story: Login to CURA system"): Story: Login to CURA system

2022-06-09 13:58:48 - [MESSAGE][INFO] - Story: Login to CURA system

2022-06-09 13:58:48 - [TEST_STEP][PASSED] - comment("Given that the user has the valid login information"): Given that the user has the valid login information

2022-06-09 13:58:48 - [MESSAGE][INFO] - Given that the user has the valid login information

2022-06-09 13:58:48 - [TEST_STEP][PASSED] - openBrowser(G_SiteURL): Browser is opened with url: 'http://demoaut.katalon.com'

2022-06-09 13:58:48 - [MESSAGE][WARNING] - A browser is already opened. Closing browser and opening a new one

2022-06-09 13:58:51 - [MESSAGE][INFO] - User set preference: ['os', 'ios']

2022-06-09 13:58:51 - [MESSAGE][INFO] - User set preference: ['browserName', 'safari']

2022-06-09 13:58:51 - [MESSAGE][INFO] - User set preference: ['browserVersion', 'latest']

2022-06-09 13:58:51 - [MESSAGE][INFO] - User set preference: ['katalon:option', '{organizationId=278985, tunnelId=, usingTunnel=false}']

2022-06-09 13:58:51 - [MESSAGE][INFO] - Connecting to remote web server 'testcloud.dev.katalon.com/hub' with type 'Selenium'

2022-06-09 13:58:51 - [MESSAGE][INFO] - Action delay is set to 0 milliseconds

2022-06-09 14:01:17 - [MESSAGE][PASSED] - Browser is opened with url: 'http://demoaut.katalon.com'

2022-06-09 14:01:17 - [TEST_STEP][PASSED] - click(findTestObject("Page_CuraHomepage/btn_MakeAppointment")): Object: 'Object Repository/Page_CuraHomepage/btn_MakeAppointment' is clicked on

2022-06-09 14:01:21 - [MESSAGE][PASSED] - Object: 'Object Repository/Page_CuraHomepage/btn_MakeAppointment' is clicked on

2022-06-09 14:01:21 - [TEST_STEP][PASSED] - setText(findTestObject("Page_Login/txt_UserName"), Username): Text 'John Doe' is set on object 'Object Repository/Page_Login/txt_UserName'

2022-06-09 14:01:28 - [MESSAGE][PASSED] - Text 'John Doe' is set on object 'Object Repository/Page_Login/txt_UserName'

2022-06-09 14:01:28 - [TEST_STEP][PASSED] - setText(findTestObject("Page_Login/txt_Password"), Password): Text 'ThisIsNotAPassword' is set on object 'Object Repository/Page_Login/txt_Password'

2022-06-09 14:01:35 - [MESSAGE][PASSED] - Text 'ThisIsNotAPassword' is set on object 'Object Repository/Page_Login/txt_Password'

2022-06-09 14:01:35 - [TEST_STEP][PASSED] - comment("When he logins to CURA system"): When he logins to CURA system

2022-06-09 14:01:35 - [MESSAGE][INFO] - When he logins to CURA system

2022-06-09 14:01:35 - [TEST_STEP][PASSED] - click(findTestObject("Page_Login/btn_Login")): Object: 'Object Repository/Page_Login/btn_Login' is clicked on

2022-06-09 14:01:38 - [MESSAGE][PASSED] - Object: 'Object Repository/Page_Login/btn_Login' is clicked on

2022-06-09 14:01:38 - [TEST_STEP][PASSED] - comment("Then he should be able to login successfully"): Then he should be able to login successfully

2022-06-09 14:01:38 - [MESSAGE][INFO] - Then he should be able to login successfully

2022-06-09 14:01:38 - [TEST_STEP][PASSED] - landingPage = verifyElementPresent(findTestObject("Page_CuraAppointment/div_Appointment"), G_Timeout): Object 'Object Repository/Page_CuraAppointment/div_Appointment' is present

2022-06-09 14:01:41 - [MESSAGE][PASSED] - Object 'Object Repository/Page_CuraAppointment/div_Appointment' is present

2022-06-09 14:01:41 - [TEST_STEP][PASSED] - closeBrowser(): Browser is closed

2022-06-09 14:01:43 - [MESSAGE][PASSED] - Browser is closed

2022-06-09 14:01:43 - [TEST_STEP][PASSED] - Start listener action : sampleAfterTestCase: Browser is closed

2022-06-09 14:01:43 - [TEST_STEP][PASSED] - closeBrowser(): Browser is closed

2022-06-09 14:01:43 - [MESSAGE][PASSED] - Browser is closed

2022-06-09 14:01:45 - [TEST_STEP][PASSED] - Video: Video recording for test case 'Test Cases/Main Test Cases/TC1_Verify Successful Login' .

2022-06-09 14:01:45 - [MESSAGE][INFO] - Video recording for test case 'Test Cases/Main Test Cases/TC1_Verify Successful Login' .]]></system-out>
         <system-err><![CDATA[]]></system-err>
      </testcase>
      <testcase name="Test Cases/Main Test Cases/TC2_Verify Successful Appointment" time="323.031" classname="Test Cases/Main Test Cases/TC2_Verify Successful Appointment" status="PASSED">
         <system-out><![CDATA[2022-06-09 14:01:45 - [TEST_CASE][PASSED] - Test Cases/Main Test Cases/TC2_Verify Successful Appointment: Test Cases/Main Test Cases/TC2_Verify Successful Appointment

2022-06-09 14:01:45 - [TEST_STEP][PASSED] - Start listener action : sampleBeforeTestCase: Browser is opened with url: 'http://demoaut.katalon.com'

2022-06-09 14:01:45 - [TEST_STEP][PASSED] - openBrowser(G_SiteURL): Browser is opened with url: 'http://demoaut.katalon.com'

2022-06-09 14:01:45 - [MESSAGE][INFO] - User set preference: ['os', 'ios']

2022-06-09 14:01:45 - [MESSAGE][INFO] - User set preference: ['browserName', 'safari']

2022-06-09 14:01:45 - [MESSAGE][INFO] - User set preference: ['browserVersion', 'latest']

2022-06-09 14:01:45 - [MESSAGE][INFO] - User set preference: ['katalon:option', '{organizationId=278985, tunnelId=, usingTunnel=false}']

2022-06-09 14:01:45 - [MESSAGE][INFO] - Connecting to remote web server 'testcloud.dev.katalon.com/hub' with type 'Selenium'

2022-06-09 14:01:45 - [MESSAGE][INFO] - Action delay is set to 0 milliseconds

2022-06-09 14:02:39 - [MESSAGE][PASSED] - Browser is opened with url: 'http://demoaut.katalon.com'

2022-06-09 14:02:39 - [TEST_STEP][PASSED] - comment("Story: Book an appointment"): Story: Book an appointment

2022-06-09 14:02:39 - [MESSAGE][INFO] - Story: Book an appointment

2022-06-09 14:02:39 - [TEST_STEP][PASSED] - comment("Given that the user has logged into their account"): Given that the user has logged into their account

2022-06-09 14:02:39 - [MESSAGE][INFO] - Given that the user has logged into their account

2022-06-09 14:02:39 - [TEST_STEP][PASSED] - openBrowser(G_SiteURL): Browser is opened with url: 'http://demoaut.katalon.com'

2022-06-09 14:02:39 - [MESSAGE][WARNING] - A browser is already opened. Closing browser and opening a new one

2022-06-09 14:02:41 - [MESSAGE][INFO] - User set preference: ['os', 'ios']

2022-06-09 14:02:41 - [MESSAGE][INFO] - User set preference: ['browserName', 'safari']

2022-06-09 14:02:41 - [MESSAGE][INFO] - User set preference: ['browserVersion', 'latest']

2022-06-09 14:02:41 - [MESSAGE][INFO] - User set preference: ['katalon:option', '{organizationId=278985, tunnelId=, usingTunnel=false}']

2022-06-09 14:02:41 - [MESSAGE][INFO] - Connecting to remote web server 'testcloud.dev.katalon.com/hub' with type 'Selenium'

2022-06-09 14:02:41 - [MESSAGE][INFO] - Action delay is set to 0 milliseconds

2022-06-09 14:05:38 - [MESSAGE][PASSED] - Browser is opened with url: 'http://demoaut.katalon.com'

2022-06-09 14:05:38 - [TEST_STEP][PASSED] - callTestCase(findTestCase("Common Test Cases/Login"), ["Username":"John Doe", "Password":"ThisIsNotAPassword"], STOP_ON_FAILURE): Call Test Case 'Test Cases/Common Test Cases/Login' successfully

2022-06-09 14:05:38 - [TEST_CASE][PASSED] - Test Cases/Common Test Cases/Login: Test Cases/Common Test Cases/Login

2022-06-09 14:05:38 - [TEST_STEP][PASSED] - click(findTestObject("Page_CuraHomepage/btn_MakeAppointment")): Object: 'Object Repository/Page_CuraHomepage/btn_MakeAppointment' is clicked on

2022-06-09 14:05:42 - [MESSAGE][PASSED] - Object: 'Object Repository/Page_CuraHomepage/btn_MakeAppointment' is clicked on

2022-06-09 14:05:42 - [TEST_STEP][PASSED] - setText(findTestObject("Page_Login/txt_UserName"), Username): Text 'John Doe' is set on object 'Object Repository/Page_Login/txt_UserName'

2022-06-09 14:05:49 - [MESSAGE][PASSED] - Text 'John Doe' is set on object 'Object Repository/Page_Login/txt_UserName'

2022-06-09 14:05:49 - [TEST_STEP][PASSED] - setText(findTestObject("Page_Login/txt_Password"), Password): Text 'ThisIsNotAPassword' is set on object 'Object Repository/Page_Login/txt_Password'

2022-06-09 14:05:57 - [MESSAGE][PASSED] - Text 'ThisIsNotAPassword' is set on object 'Object Repository/Page_Login/txt_Password'

2022-06-09 14:05:57 - [TEST_STEP][PASSED] - click(findTestObject("Page_Login/btn_Login")): Object: 'Object Repository/Page_Login/btn_Login' is clicked on

2022-06-09 14:06:01 - [MESSAGE][PASSED] - Object: 'Object Repository/Page_Login/btn_Login' is clicked on

2022-06-09 14:06:01 - [TEST_STEP][PASSED] - landingPage = verifyElementPresent(findTestObject("Page_CuraAppointment/div_Appointment"), G_Timeout): Object 'Object Repository/Page_CuraAppointment/div_Appointment' is present

2022-06-09 14:06:03 - [MESSAGE][PASSED] - Object 'Object Repository/Page_CuraAppointment/div_Appointment' is present

2022-06-09 14:06:03 - [MESSAGE][PASSED] - Call Test Case 'Test Cases/Common Test Cases/Login' successfully

2022-06-09 14:06:03 - [TEST_STEP][PASSED] - comment("And Appointment page is displayed"): And Appointment page is displayed

2022-06-09 14:06:03 - [MESSAGE][INFO] - And Appointment page is displayed

2022-06-09 14:06:03 - [TEST_STEP][PASSED] - if (true): Text 'Please make appointment as soon as possible.' is set on object 'Object Repository/Page_CuraAppointment/txt_Comment'

2022-06-09 14:06:03 - [TEST_STEP][PASSED] - selectOptionByLabel(findTestObject("Page_CuraAppointment/lst_Facility"), "Hongkong CURA Healthcare Center", false): All options with label 'Hongkong CURA Healthcare Center' are selected in object 'Object Repository/Page_CuraAppointment/lst_Facility' 

2022-06-09 14:06:12 - [MESSAGE][PASSED] - All options with label 'Hongkong CURA Healthcare Center' are selected in object 'Object Repository/Page_CuraAppointment/lst_Facility' 

2022-06-09 14:06:12 - [TEST_STEP][PASSED] - check(findTestObject("Page_CuraAppointment/chk_Medicaid")): Object 'Object Repository/Page_CuraAppointment/chk_Medicaid' is checked

2022-06-09 14:06:17 - [MESSAGE][PASSED] - Object 'Object Repository/Page_CuraAppointment/chk_Medicaid' is checked

2022-06-09 14:06:17 - [TEST_STEP][PASSED] - check(findTestObject("Page_CuraAppointment/chk_Readmission")): Object 'Object Repository/Page_CuraAppointment/chk_Readmission' is checked

2022-06-09 14:06:21 - [MESSAGE][PASSED] - Object 'Object Repository/Page_CuraAppointment/chk_Readmission' is checked

2022-06-09 14:06:21 - [TEST_STEP][PASSED] - setText(findTestObject("Page_CuraAppointment/txt_VisitDate"), "27/12/2016"): Text '27/12/2016' is set on object 'Object Repository/Page_CuraAppointment/txt_VisitDate'

2022-06-09 14:06:27 - [MESSAGE][PASSED] - Text '27/12/2016' is set on object 'Object Repository/Page_CuraAppointment/txt_VisitDate'

2022-06-09 14:06:27 - [TEST_STEP][PASSED] - setText(findTestObject("Page_CuraAppointment/txt_Comment"), "Please make appointment as soon as possible."): Text 'Please make appointment as soon as possible.' is set on object 'Object Repository/Page_CuraAppointment/txt_Comment'

2022-06-09 14:06:35 - [MESSAGE][PASSED] - Text 'Please make appointment as soon as possible.' is set on object 'Object Repository/Page_CuraAppointment/txt_Comment'

2022-06-09 14:06:35 - [TEST_STEP][PASSED] - comment("When he fills in valid information in Appointment page"): When he fills in valid information in Appointment page

2022-06-09 14:06:35 - [MESSAGE][INFO] - When he fills in valid information in Appointment page

2022-06-09 14:06:35 - [TEST_STEP][PASSED] - click(findTestObject("Page_CuraAppointment/btn_BookAppointment")): Object: 'Object Repository/Page_CuraAppointment/btn_BookAppointment' is clicked on

2022-06-09 14:06:38 - [MESSAGE][PASSED] - Object: 'Object Repository/Page_CuraAppointment/btn_BookAppointment' is clicked on

2022-06-09 14:06:38 - [TEST_STEP][PASSED] - verifyTextPresent("Appointment Confirmation", false): Text 'Appointment Confirmation' is present on page 

2022-06-09 14:06:41 - [MESSAGE][PASSED] - Text 'Appointment Confirmation' is present on page 

2022-06-09 14:06:41 - [TEST_STEP][PASSED] - comment("Then he should be able to book a new appointment"): Then he should be able to book a new appointment

2022-06-09 14:06:41 - [MESSAGE][INFO] - Then he should be able to book a new appointment

2022-06-09 14:06:41 - [TEST_STEP][PASSED] - if (true): Actual text 'Please make appointment as soon as possible.' and expected text 'Please make appointment as soon as possible.' are matched 

2022-06-09 14:06:41 - [TEST_STEP][PASSED] - verifyMatch("Hongkong CURA Healthcare Center", getText(findTestObject("Page_AppointmentConfirmation/lbl_Facility")), false): Actual text 'Hongkong CURA Healthcare Center' and expected text 'Hongkong CURA Healthcare Center' are matched 

2022-06-09 14:06:45 - [MESSAGE][PASSED] - Text of object 'Object Repository/Page_AppointmentConfirmation/lbl_Facility' is: 'Hongkong CURA Healthcare Center'

2022-06-09 14:06:45 - [MESSAGE][PASSED] - Actual text 'Hongkong CURA Healthcare Center' and expected text 'Hongkong CURA Healthcare Center' are matched 

2022-06-09 14:06:45 - [TEST_STEP][PASSED] - verifyMatch("Yes", getText(findTestObject("Page_AppointmentConfirmation/lbl_HospitalReadmission")), false): Actual text 'Yes' and expected text 'Yes' are matched 

2022-06-09 14:06:48 - [MESSAGE][PASSED] - Text of object 'Object Repository/Page_AppointmentConfirmation/lbl_HospitalReadmission' is: 'Yes'

2022-06-09 14:06:48 - [MESSAGE][PASSED] - Actual text 'Yes' and expected text 'Yes' are matched 

2022-06-09 14:06:48 - [TEST_STEP][PASSED] - verifyMatch("Medicaid", getText(findTestObject("Page_AppointmentConfirmation/lbl_Program")), false): Actual text 'Medicaid' and expected text 'Medicaid' are matched 

2022-06-09 14:06:52 - [MESSAGE][PASSED] - Text of object 'Object Repository/Page_AppointmentConfirmation/lbl_Program' is: 'Medicaid'

2022-06-09 14:06:52 - [MESSAGE][PASSED] - Actual text 'Medicaid' and expected text 'Medicaid' are matched 

2022-06-09 14:06:52 - [TEST_STEP][PASSED] - verifyMatch("27/12/2016", getText(findTestObject("Page_AppointmentConfirmation/lbl_VisitDate")), false): Actual text '27/12/2016' and expected text '27/12/2016' are matched 

2022-06-09 14:06:56 - [MESSAGE][PASSED] - Text of object 'Object Repository/Page_AppointmentConfirmation/lbl_VisitDate' is: '27/12/2016'

2022-06-09 14:06:56 - [MESSAGE][PASSED] - Actual text '27/12/2016' and expected text '27/12/2016' are matched 

2022-06-09 14:06:56 - [TEST_STEP][PASSED] - verifyMatch("Please make appointment as soon as possible.", getText(findTestObject("Page_AppointmentConfirmation/lbl_Comment")), false): Actual text 'Please make appointment as soon as possible.' and expected text 'Please make appointment as soon as possible.' are matched 

2022-06-09 14:06:59 - [MESSAGE][PASSED] - Text of object 'Object Repository/Page_AppointmentConfirmation/lbl_Comment' is: 'Please make appointment as soon as possible.'

2022-06-09 14:06:59 - [MESSAGE][PASSED] - Actual text 'Please make appointment as soon as possible.' and expected text 'Please make appointment as soon as possible.' are matched 

2022-06-09 14:06:59 - [TEST_STEP][PASSED] - takeScreenshot(): Taking screenshot successfully

2022-06-09 14:07:03 - [MESSAGE][PASSED] - Taking screenshot successfully
[[ATTACHMENT|/Users/lylannhi/Downloads/TestCloud/Project/SampleWebUI_HealthyCare/Reports/20220609_135612/healthcare-tests - TS_RegressionTest/20220609_135612/1654758421130.png]]

2022-06-09 14:07:03 - [TEST_STEP][PASSED] - closeBrowser(): Browser is closed

2022-06-09 14:07:06 - [MESSAGE][PASSED] - Browser is closed

2022-06-09 14:07:06 - [TEST_STEP][PASSED] - Start listener action : sampleAfterTestCase: Browser is closed

2022-06-09 14:07:06 - [TEST_STEP][PASSED] - closeBrowser(): Browser is closed

2022-06-09 14:07:06 - [MESSAGE][PASSED] - Browser is closed

2022-06-09 14:07:08 - [TEST_STEP][PASSED] - Video: Video recording for test case 'Test Cases/Main Test Cases/TC2_Verify Successful Appointment' .

2022-06-09 14:07:08 - [MESSAGE][INFO] - Video recording for test case 'Test Cases/Main Test Cases/TC2_Verify Successful Appointment' .]]></system-out>
         <system-err><![CDATA[]]></system-err>
      </testcase>
      <testcase name="Test Cases/Main Test Cases/TC3_Visual Testing Example" time="676.827" classname="Test Cases/Main Test Cases/TC3_Visual Testing Example" status="PASSED">
         <system-out><![CDATA[2022-06-09 14:07:08 - [TEST_CASE][PASSED] - Test Cases/Main Test Cases/TC3_Visual Testing Example: Test Cases/Main Test Cases/TC3_Visual Testing Example

2022-06-09 14:07:08 - [TEST_STEP][PASSED] - Start listener action : sampleBeforeTestCase: Browser is opened with url: 'http://demoaut.katalon.com'

2022-06-09 14:07:08 - [TEST_STEP][PASSED] - openBrowser(G_SiteURL): Browser is opened with url: 'http://demoaut.katalon.com'

2022-06-09 14:07:08 - [MESSAGE][INFO] - User set preference: ['os', 'ios']

2022-06-09 14:07:08 - [MESSAGE][INFO] - User set preference: ['browserName', 'safari']

2022-06-09 14:07:08 - [MESSAGE][INFO] - User set preference: ['browserVersion', 'latest']

2022-06-09 14:07:08 - [MESSAGE][INFO] - User set preference: ['katalon:option', '{organizationId=278985, tunnelId=, usingTunnel=false}']

2022-06-09 14:07:08 - [MESSAGE][INFO] - Connecting to remote web server 'testcloud.dev.katalon.com/hub' with type 'Selenium'

2022-06-09 14:07:08 - [MESSAGE][INFO] - Action delay is set to 0 milliseconds

2022-06-09 14:10:42 - [MESSAGE][PASSED] - Browser is opened with url: 'http://demoaut.katalon.com'

2022-06-09 14:10:42 - [TEST_STEP][PASSED] - comment("Story: Book an appointment"): Story: Book an appointment

2022-06-09 14:10:42 - [MESSAGE][INFO] - Story: Book an appointment

2022-06-09 14:10:42 - [TEST_STEP][PASSED] - comment("Given that the user has logged into their account"): Given that the user has logged into their account

2022-06-09 14:10:42 - [MESSAGE][INFO] - Given that the user has logged into their account

2022-06-09 14:10:42 - [TEST_STEP][PASSED] - openBrowser(G_SiteURL): Browser is opened with url: 'http://demoaut.katalon.com'

2022-06-09 14:10:42 - [MESSAGE][WARNING] - A browser is already opened. Closing browser and opening a new one

2022-06-09 14:10:44 - [MESSAGE][INFO] - User set preference: ['os', 'ios']

2022-06-09 14:10:44 - [MESSAGE][INFO] - User set preference: ['browserName', 'safari']

2022-06-09 14:10:44 - [MESSAGE][INFO] - User set preference: ['browserVersion', 'latest']

2022-06-09 14:10:44 - [MESSAGE][INFO] - User set preference: ['katalon:option', '{organizationId=278985, tunnelId=, usingTunnel=false}']

2022-06-09 14:10:44 - [MESSAGE][INFO] - Connecting to remote web server 'testcloud.dev.katalon.com/hub' with type 'Selenium'

2022-06-09 14:10:44 - [MESSAGE][INFO] - Action delay is set to 0 milliseconds

2022-06-09 14:15:39 - [MESSAGE][PASSED] - Browser is opened with url: 'http://demoaut.katalon.com'

2022-06-09 14:15:39 - [TEST_STEP][PASSED] - takeScreenshotAsCheckpoint("login page"): Taking screenshot successfully

2022-06-09 14:15:52 - [MESSAGE][INFO] - 0 hidden object(s)

2022-06-09 14:15:53 - [MESSAGE][PASSED] - Taking screenshot successfully
[[ATTACHMENT|keyes/keyes-login page.png]]

2022-06-09 14:15:53 - [TEST_STEP][PASSED] - callTestCase(findTestCase("Common Test Cases/Login"), ["Username":"John Doe", "Password":"ThisIsNotAPassword"], STOP_ON_FAILURE): Call Test Case 'Test Cases/Common Test Cases/Login' successfully

2022-06-09 14:15:53 - [TEST_CASE][PASSED] - Test Cases/Common Test Cases/Login: Test Cases/Common Test Cases/Login

2022-06-09 14:15:53 - [TEST_STEP][PASSED] - click(findTestObject("Page_CuraHomepage/btn_MakeAppointment")): Object: 'Object Repository/Page_CuraHomepage/btn_MakeAppointment' is clicked on

2022-06-09 14:15:58 - [MESSAGE][PASSED] - Object: 'Object Repository/Page_CuraHomepage/btn_MakeAppointment' is clicked on

2022-06-09 14:15:58 - [TEST_STEP][PASSED] - setText(findTestObject("Page_Login/txt_UserName"), Username): Text 'John Doe' is set on object 'Object Repository/Page_Login/txt_UserName'

2022-06-09 14:16:05 - [MESSAGE][PASSED] - Text 'John Doe' is set on object 'Object Repository/Page_Login/txt_UserName'

2022-06-09 14:16:05 - [TEST_STEP][PASSED] - setText(findTestObject("Page_Login/txt_Password"), Password): Text 'ThisIsNotAPassword' is set on object 'Object Repository/Page_Login/txt_Password'

2022-06-09 14:16:13 - [MESSAGE][PASSED] - Text 'ThisIsNotAPassword' is set on object 'Object Repository/Page_Login/txt_Password'

2022-06-09 14:16:13 - [TEST_STEP][PASSED] - click(findTestObject("Page_Login/btn_Login")): Object: 'Object Repository/Page_Login/btn_Login' is clicked on

2022-06-09 14:16:17 - [MESSAGE][PASSED] - Object: 'Object Repository/Page_Login/btn_Login' is clicked on

2022-06-09 14:16:17 - [TEST_STEP][PASSED] - landingPage = verifyElementPresent(findTestObject("Page_CuraAppointment/div_Appointment"), G_Timeout): Object 'Object Repository/Page_CuraAppointment/div_Appointment' is present

2022-06-09 14:16:19 - [MESSAGE][PASSED] - Object 'Object Repository/Page_CuraAppointment/div_Appointment' is present

2022-06-09 14:16:19 - [MESSAGE][PASSED] - Call Test Case 'Test Cases/Common Test Cases/Login' successfully

2022-06-09 14:16:19 - [TEST_STEP][PASSED] - comment("And Appointment page is displayed"): And Appointment page is displayed

2022-06-09 14:16:19 - [MESSAGE][INFO] - And Appointment page is displayed

2022-06-09 14:16:19 - [TEST_STEP][PASSED] - if (true): Text 'Please make appointment as soon as possible.' is set on object 'Object Repository/Page_CuraAppointment/txt_Comment'

2022-06-09 14:16:19 - [TEST_STEP][PASSED] - takeScreenshotAsCheckpoint("appointment page"): Taking screenshot successfully

2022-06-09 14:16:27 - [MESSAGE][INFO] - 0 hidden object(s)

2022-06-09 14:16:27 - [MESSAGE][PASSED] - Taking screenshot successfully
[[ATTACHMENT|keyes/keyes-appointment page.png]]

2022-06-09 14:16:27 - [TEST_STEP][PASSED] - selectOptionByLabel(findTestObject("Page_CuraAppointment/lst_Facility"), "Hongkong CURA Healthcare Center", false): All options with label 'Hongkong CURA Healthcare Center' are selected in object 'Object Repository/Page_CuraAppointment/lst_Facility' 

2022-06-09 14:16:36 - [MESSAGE][PASSED] - All options with label 'Hongkong CURA Healthcare Center' are selected in object 'Object Repository/Page_CuraAppointment/lst_Facility' 

2022-06-09 14:16:36 - [TEST_STEP][PASSED] - check(findTestObject("Page_CuraAppointment/chk_Medicaid")): Object 'Object Repository/Page_CuraAppointment/chk_Medicaid' is checked

2022-06-09 14:16:40 - [MESSAGE][PASSED] - Object 'Object Repository/Page_CuraAppointment/chk_Medicaid' is checked

2022-06-09 14:16:40 - [TEST_STEP][PASSED] - check(findTestObject("Page_CuraAppointment/chk_Readmission")): Object 'Object Repository/Page_CuraAppointment/chk_Readmission' is checked

2022-06-09 14:16:44 - [MESSAGE][PASSED] - Object 'Object Repository/Page_CuraAppointment/chk_Readmission' is checked

2022-06-09 14:16:44 - [TEST_STEP][PASSED] - setText(findTestObject("Page_CuraAppointment/txt_VisitDate"), "27/12/2016"): Text '27/12/2016' is set on object 'Object Repository/Page_CuraAppointment/txt_VisitDate'

2022-06-09 14:16:51 - [MESSAGE][PASSED] - Text '27/12/2016' is set on object 'Object Repository/Page_CuraAppointment/txt_VisitDate'

2022-06-09 14:16:51 - [TEST_STEP][PASSED] - setText(findTestObject("Page_CuraAppointment/txt_Comment"), "Please make appointment as soon as possible."): Text 'Please make appointment as soon as possible.' is set on object 'Object Repository/Page_CuraAppointment/txt_Comment'

2022-06-09 14:16:59 - [MESSAGE][PASSED] - Text 'Please make appointment as soon as possible.' is set on object 'Object Repository/Page_CuraAppointment/txt_Comment'

2022-06-09 14:16:59 - [TEST_STEP][PASSED] - comment("When he fills in valid information in Appointment page"): When he fills in valid information in Appointment page

2022-06-09 14:16:59 - [MESSAGE][INFO] - When he fills in valid information in Appointment page

2022-06-09 14:16:59 - [TEST_STEP][PASSED] - click(findTestObject("Page_CuraAppointment/btn_BookAppointment")): Object: 'Object Repository/Page_CuraAppointment/btn_BookAppointment' is clicked on

2022-06-09 14:17:02 - [MESSAGE][PASSED] - Object: 'Object Repository/Page_CuraAppointment/btn_BookAppointment' is clicked on

2022-06-09 14:17:02 - [TEST_STEP][PASSED] - verifyTextPresent("Appointment Confirmation", false): Text 'Appointment Confirmation' is present on page 

2022-06-09 14:17:05 - [MESSAGE][PASSED] - Text 'Appointment Confirmation' is present on page 

2022-06-09 14:17:05 - [TEST_STEP][PASSED] - comment("Then he should be able to book a new appointment"): Then he should be able to book a new appointment

2022-06-09 14:17:05 - [MESSAGE][INFO] - Then he should be able to book a new appointment

2022-06-09 14:17:05 - [TEST_STEP][PASSED] - if (true): Actual text 'Please make appointment as soon as possible.' and expected text 'Please make appointment as soon as possible.' are matched 

2022-06-09 14:17:05 - [TEST_STEP][PASSED] - takeFullPageScreenshotAsCheckpoint("booked appointment", [findTestObject("Page_AppointmentConfirmation/lbl_VisitDate")]): Taking screenshot successfully

2022-06-09 14:17:05 - [MESSAGE][WARNING] - Timeout '0' is invalid. Using default page load timeout: '30'

2022-06-09 14:17:09 - [MESSAGE][INFO] - 1 hidden object(s)

2022-06-09 14:17:58 - [MESSAGE][INFO] - 0 hidden object(s)

2022-06-09 14:17:59 - [MESSAGE][PASSED] - Taking screenshot successfully
[[ATTACHMENT|keyes/keyes-booked appointment.png]]

2022-06-09 14:17:59 - [TEST_STEP][PASSED] - verifyMatch("Hongkong CURA Healthcare Center", getText(findTestObject("Page_AppointmentConfirmation/lbl_Facility")), false): Actual text 'Hongkong CURA Healthcare Center' and expected text 'Hongkong CURA Healthcare Center' are matched 

2022-06-09 14:18:03 - [MESSAGE][PASSED] - Text of object 'Object Repository/Page_AppointmentConfirmation/lbl_Facility' is: 'Hongkong CURA Healthcare Center'

2022-06-09 14:18:03 - [MESSAGE][PASSED] - Actual text 'Hongkong CURA Healthcare Center' and expected text 'Hongkong CURA Healthcare Center' are matched 

2022-06-09 14:18:03 - [TEST_STEP][PASSED] - verifyMatch("Yes", getText(findTestObject("Page_AppointmentConfirmation/lbl_HospitalReadmission")), false): Actual text 'Yes' and expected text 'Yes' are matched 

2022-06-09 14:18:06 - [MESSAGE][PASSED] - Text of object 'Object Repository/Page_AppointmentConfirmation/lbl_HospitalReadmission' is: 'Yes'

2022-06-09 14:18:06 - [MESSAGE][PASSED] - Actual text 'Yes' and expected text 'Yes' are matched 

2022-06-09 14:18:06 - [TEST_STEP][PASSED] - verifyMatch("Medicaid", getText(findTestObject("Page_AppointmentConfirmation/lbl_Program")), false): Actual text 'Medicaid' and expected text 'Medicaid' are matched 

2022-06-09 14:18:10 - [MESSAGE][PASSED] - Text of object 'Object Repository/Page_AppointmentConfirmation/lbl_Program' is: 'Medicaid'

2022-06-09 14:18:10 - [MESSAGE][PASSED] - Actual text 'Medicaid' and expected text 'Medicaid' are matched 

2022-06-09 14:18:10 - [TEST_STEP][PASSED] - verifyMatch("27/12/2016", getText(findTestObject("Page_AppointmentConfirmation/lbl_VisitDate")), false): Actual text '27/12/2016' and expected text '27/12/2016' are matched 

2022-06-09 14:18:13 - [MESSAGE][PASSED] - Text of object 'Object Repository/Page_AppointmentConfirmation/lbl_VisitDate' is: '27/12/2016'

2022-06-09 14:18:13 - [MESSAGE][PASSED] - Actual text '27/12/2016' and expected text '27/12/2016' are matched 

2022-06-09 14:18:13 - [TEST_STEP][PASSED] - verifyMatch("Please make appointment as soon as possible.", getText(findTestObject("Page_AppointmentConfirmation/lbl_Comment")), false): Actual text 'Please make appointment as soon as possible.' and expected text 'Please make appointment as soon as possible.' are matched 

2022-06-09 14:18:17 - [MESSAGE][PASSED] - Text of object 'Object Repository/Page_AppointmentConfirmation/lbl_Comment' is: 'Please make appointment as soon as possible.'

2022-06-09 14:18:17 - [MESSAGE][PASSED] - Actual text 'Please make appointment as soon as possible.' and expected text 'Please make appointment as soon as possible.' are matched 

2022-06-09 14:18:17 - [TEST_STEP][PASSED] - takeScreenshot(): Taking screenshot successfully

2022-06-09 14:18:20 - [MESSAGE][PASSED] - Taking screenshot successfully
[[ATTACHMENT|/Users/lylannhi/Downloads/TestCloud/Project/SampleWebUI_HealthyCare/Reports/20220609_135612/healthcare-tests - TS_RegressionTest/20220609_135612/1654759098725.png]]

2022-06-09 14:18:20 - [TEST_STEP][PASSED] - closeBrowser(): Browser is closed

2022-06-09 14:18:23 - [MESSAGE][PASSED] - Browser is closed

2022-06-09 14:18:23 - [TEST_STEP][PASSED] - Start listener action : sampleAfterTestCase: Browser is closed

2022-06-09 14:18:23 - [TEST_STEP][PASSED] - closeBrowser(): Browser is closed

2022-06-09 14:18:23 - [MESSAGE][PASSED] - Browser is closed

2022-06-09 14:18:25 - [TEST_STEP][PASSED] - Video: Video recording for test case 'Test Cases/Main Test Cases/TC3_Visual Testing Example' .

2022-06-09 14:18:25 - [MESSAGE][INFO] - Video recording for test case 'Test Cases/Main Test Cases/TC3_Visual Testing Example' .]]></system-out>
         <system-err><![CDATA[]]></system-err>
      </testcase>
      <system-out><![CDATA[2022-06-09 13:56:39 - [TEST_SUITE][PASSED] - healthcare-tests - TS_RegressionTest: Test Cases/Main Test Cases/TC3_Visual Testing Example]]></system-out>
      <system-err><![CDATA[]]></system-err>
   </testsuite>
</testsuites>
